# JRE version: Java(TM) SE Runtime Environment (8.0_201-b09) (build 1.8.0_201-b09)
# Java VM: Java HotSpot(TM) Client VM (25.201-b09 mixed mode, sharing windows-x86 )
Heap:
 def new generation   total 4928K, used 1245K [0x04a00000, 0x04f50000, 0x09f50000)
  eden space 4416K,  28% used [0x04a00000, 0x04b351f8, 0x04e50000)
  from space 512K,   1% used [0x04e50000, 0x04e52508, 0x04ed0000)
  to   space 512K,   0% used [0x04ed0000, 0x04ed0000, 0x04f50000)
 tenured generation   total 10944K, used 402K [0x09f50000, 0x0aa00000, 0x14a00000)
   the space 10944K,   3% used [0x09f50000, 0x09fb4a78, 0x09fb4c00, 0x0aa00000)
 Metaspace       used 454K, capacity 2632K, committed 2752K, reserved 4480K
GC Heap History (4 events):
Event: 24.392 GC heap before
{Heap before GC invocations=0 (full 0):
 def new generation   total 4928K, used 4416K [0x04a00000, 0x04f50000, 0x09f50000)
  eden space 4416K, 100% used [0x04a00000, 0x04e50000, 0x04e50000)
  from space 512K,   0% used [0x04e50000, 0x04e50000, 0x04ed0000)
  to   space 512K,   0% used [0x04ed0000, 0x04ed0000, 0x04f50000)
 tenured generation   total 10944K, used 0K [0x09f50000, 0x0aa00000, 0x14a00000)
   the space 10944K,   0% used [0x09f50000, 0x09f50000, 0x09f50200, 0x0aa00000)
 Metaspace       used 441K, capacity 2632K, committed 2752K, reserved 4480K
Event: 24.393 GC heap after
Heap after GC invocations=1 (full 0):
 def new generation   total 4928K, used 495K [0x04a00000, 0x04f50000, 0x09f50000)
  eden space 4416K,   0% used [0x04a00000, 0x04a00000, 0x04e50000)
  from space 512K,  96% used [0x04ed0000, 0x04f4bc90, 0x04f50000)
  to   space 512K,   0% used [0x04e50000, 0x04e50000, 0x04ed0000)
 tenured generation   total 10944K, used 48K [0x09f50000, 0x0aa00000, 0x14a00000)
   the space 10944K,   0% used [0x09f50000, 0x09f5c270, 0x09f5c400, 0x0aa00000)
 Metaspace       used 441K, capacity 2632K, committed 2752K, reserved 4480K
}
Event: 88.133 GC heap before
{Heap before GC invocations=1 (full 0):
 def new generation   total 4928K, used 4911K [0x04a00000, 0x04f50000, 0x09f50000)
  eden space 4416K, 100% used [0x04a00000, 0x04e50000, 0x04e50000)
  from space 512K,  96% used [0x04ed0000, 0x04f4bc90, 0x04f50000)
  to   space 512K,   0% used [0x04e50000, 0x04e50000, 0x04ed0000)
 tenured generation   total 10944K, used 48K [0x09f50000, 0x0aa00000, 0x14a00000)
   the space 10944K,   0% used [0x09f50000, 0x09f5c270, 0x09f5c400, 0x0aa00000)
 Metaspace       used 454K, capacity 2632K, committed 2752K, reserved 4480K
Event: 88.134 GC heap after
Heap after GC invocations=2 (full 0):
 def new generation   total 4928K, used 9K [0x04a00000, 0x04f50000, 0x09f50000)
  eden space 4416K,   0% used [0x04a00000, 0x04a00000, 0x04e50000)
  from space 512K,   1% used [0x04e50000, 0x04e52508, 0x04ed0000)
  to   space 512K,   0% used [0x04ed0000, 0x04ed0000, 0x04f50000)
 tenured generation   total 10944K, used 402K [0x09f50000, 0x0aa00000, 0x14a00000)
   the space 10944K,   3% used [0x09f50000, 0x09fb4a78, 0x09fb4c00, 0x0aa00000)
 Metaspace       used 454K, capacity 2632K, committed 2752K, reserved 4480K
}

